<?xml version="1.0" encoding="UTF-8"?>
<testsuite xmlns:xsi="http://www.w3.org/2001/XMLSchema-instance" xsi:noNamespaceSchemaLocation="https://maven.apache.org/surefire/maven-surefire-plugin/xsd/surefire-test-report.xsd" version="3.0.2" name="com.lms.attendance.KoreaAttendanceApplicationTests" time="4.267" tests="1" errors="0" skipped="0" failures="0">
  <properties>
    <property name="java.specification.version" value="17"/>
    <property name="sun.cpu.isalist" value="amd64"/>
    <property name="sun.jnu.encoding" value="MS949"/>
    <property name="java.class.path" value="I:\TeamWorkspace\LearnAliveLMS-main\LearnAlive\target\test-classes;I:\TeamWorkspace\LearnAliveLMS-main\LearnAlive\target\classes;C:\Users\ttttm\.m2\repository\org\springframework\boot\spring-boot-starter-web\3.4.2\spring-boot-starter-web-3.4.2.jar;C:\Users\ttttm\.m2\repository\org\springframework\boot\spring-boot-starter\3.4.2\spring-boot-starter-3.4.2.jar;C:\Users\ttttm\.m2\repository\org\springframework\boot\spring-boot-starter-logging\3.4.2\spring-boot-starter-logging-3.4.2.jar;C:\Users\ttttm\.m2\repository\ch\qos\logback\logback-classic\1.5.16\logback-classic-1.5.16.jar;C:\Users\ttttm\.m2\repository\ch\qos\logback\logback-core\1.5.16\logback-core-1.5.16.jar;C:\Users\ttttm\.m2\repository\org\apache\logging\log4j\log4j-to-slf4j\2.24.3\log4j-to-slf4j-2.24.3.jar;C:\Users\ttttm\.m2\repository\org\apache\logging\log4j\log4j-api\2.24.3\log4j-api-2.24.3.jar;C:\Users\ttttm\.m2\repository\org\slf4j\jul-to-slf4j\2.0.16\jul-to-slf4j-2.0.16.jar;C:\Users\ttttm\.m2\repository\org\yaml\snakeyaml\2.3\snakeyaml-2.3.jar;C:\Users\ttttm\.m2\repository\org\springframework\boot\spring-boot-starter-json\3.4.2\spring-boot-starter-json-3.4.2.jar;C:\Users\ttttm\.m2\repository\com\fasterxml\jackson\datatype\jackson-datatype-jdk8\2.18.2\jackson-datatype-jdk8-2.18.2.jar;C:\Users\ttttm\.m2\repository\com\fasterxml\jackson\datatype\jackson-datatype-jsr310\2.18.2\jackson-datatype-jsr310-2.18.2.jar;C:\Users\ttttm\.m2\repository\com\fasterxml\jackson\module\jackson-module-parameter-names\2.18.2\jackson-module-parameter-names-2.18.2.jar;C:\Users\ttttm\.m2\repository\org\springframework\spring-web\6.2.2\spring-web-6.2.2.jar;C:\Users\ttttm\.m2\repository\org\springframework\spring-beans\6.2.2\spring-beans-6.2.2.jar;C:\Users\ttttm\.m2\repository\io\micrometer\micrometer-observation\1.14.3\micrometer-observation-1.14.3.jar;C:\Users\ttttm\.m2\repository\io\micrometer\micrometer-commons\1.14.3\micrometer-commons-1.14.3.jar;C:\Users\ttttm\.m2\repository\org\springframework\spring-webmvc\6.2.2\spring-webmvc-6.2.2.jar;C:\Users\ttttm\.m2\repository\org\springframework\spring-context\6.2.2\spring-context-6.2.2.jar;C:\Users\ttttm\.m2\repository\org\springframework\spring-expression\6.2.2\spring-expression-6.2.2.jar;C:\Users\ttttm\.m2\repository\org\mybatis\spring\boot\mybatis-spring-boot-starter\3.0.4\mybatis-spring-boot-starter-3.0.4.jar;C:\Users\ttttm\.m2\repository\org\springframework\boot\spring-boot-starter-jdbc\3.4.2\spring-boot-starter-jdbc-3.4.2.jar;C:\Users\ttttm\.m2\repository\com\zaxxer\HikariCP\5.1.0\HikariCP-5.1.0.jar;C:\Users\ttttm\.m2\repository\org\springframework\spring-jdbc\6.2.2\spring-jdbc-6.2.2.jar;C:\Users\ttttm\.m2\repository\org\mybatis\spring\boot\mybatis-spring-boot-autoconfigure\3.0.4\mybatis-spring-boot-autoconfigure-3.0.4.jar;C:\Users\ttttm\.m2\repository\org\mybatis\mybatis\3.5.17\mybatis-3.5.17.jar;C:\Users\ttttm\.m2\repository\org\mybatis\mybatis-spring\3.0.4\mybatis-spring-3.0.4.jar;C:\Users\ttttm\.m2\repository\org\springframework\boot\spring-boot-devtools\3.4.2\spring-boot-devtools-3.4.2.jar;C:\Users\ttttm\.m2\repository\org\springframework\boot\spring-boot\3.4.2\spring-boot-3.4.2.jar;C:\Users\ttttm\.m2\repository\org\springframework\boot\spring-boot-autoconfigure\3.4.2\spring-boot-autoconfigure-3.4.2.jar;C:\Users\ttttm\.m2\repository\com\mysql\mysql-connector-j\9.1.0\mysql-connector-j-9.1.0.jar;C:\Users\ttttm\.m2\repository\org\projectlombok\lombok\1.18.36\lombok-1.18.36.jar;C:\Users\ttttm\.m2\repository\org\springframework\boot\spring-boot-starter-tomcat\3.4.2\spring-boot-starter-tomcat-3.4.2.jar;C:\Users\ttttm\.m2\repository\jakarta\annotation\jakarta.annotation-api\2.1.1\jakarta.annotation-api-2.1.1.jar;C:\Users\ttttm\.m2\repository\org\apache\tomcat\embed\tomcat-embed-core\10.1.34\tomcat-embed-core-10.1.34.jar;C:\Users\ttttm\.m2\repository\org\apache\tomcat\embed\tomcat-embed-el\10.1.34\tomcat-embed-el-10.1.34.jar;C:\Users\ttttm\.m2\repository\org\apache\tomcat\embed\tomcat-embed-websocket\10.1.34\tomcat-embed-websocket-10.1.34.jar;C:\Users\ttttm\.m2\repository\org\springframework\boot\spring-boot-starter-test\3.4.2\spring-boot-starter-test-3.4.2.jar;C:\Users\ttttm\.m2\repository\org\springframework\boot\spring-boot-test\3.4.2\spring-boot-test-3.4.2.jar;C:\Users\ttttm\.m2\repository\org\springframework\boot\spring-boot-test-autoconfigure\3.4.2\spring-boot-test-autoconfigure-3.4.2.jar;C:\Users\ttttm\.m2\repository\com\jayway\jsonpath\json-path\2.9.0\json-path-2.9.0.jar;C:\Users\ttttm\.m2\repository\org\slf4j\slf4j-api\2.0.16\slf4j-api-2.0.16.jar;C:\Users\ttttm\.m2\repository\jakarta\xml\bind\jakarta.xml.bind-api\4.0.2\jakarta.xml.bind-api-4.0.2.jar;C:\Users\ttttm\.m2\repository\jakarta\activation\jakarta.activation-api\2.1.3\jakarta.activation-api-2.1.3.jar;C:\Users\ttttm\.m2\repository\net\minidev\json-smart\2.5.1\json-smart-2.5.1.jar;C:\Users\ttttm\.m2\repository\net\minidev\accessors-smart\2.5.1\accessors-smart-2.5.1.jar;C:\Users\ttttm\.m2\repository\org\ow2\asm\asm\9.6\asm-9.6.jar;C:\Users\ttttm\.m2\repository\org\assertj\assertj-core\3.26.3\assertj-core-3.26.3.jar;C:\Users\ttttm\.m2\repository\net\bytebuddy\byte-buddy\1.15.11\byte-buddy-1.15.11.jar;C:\Users\ttttm\.m2\repository\org\awaitility\awaitility\4.2.2\awaitility-4.2.2.jar;C:\Users\ttttm\.m2\repository\org\hamcrest\hamcrest\2.2\hamcrest-2.2.jar;C:\Users\ttttm\.m2\repository\org\junit\jupiter\junit-jupiter\5.11.4\junit-jupiter-5.11.4.jar;C:\Users\ttttm\.m2\repository\org\junit\jupiter\junit-jupiter-api\5.11.4\junit-jupiter-api-5.11.4.jar;C:\Users\ttttm\.m2\repository\org\opentest4j\opentest4j\1.3.0\opentest4j-1.3.0.jar;C:\Users\ttttm\.m2\repository\org\junit\platform\junit-platform-commons\1.11.4\junit-platform-commons-1.11.4.jar;C:\Users\ttttm\.m2\repository\org\apiguardian\apiguardian-api\1.1.2\apiguardian-api-1.1.2.jar;C:\Users\ttttm\.m2\repository\org\junit\jupiter\junit-jupiter-params\5.11.4\junit-jupiter-params-5.11.4.jar;C:\Users\ttttm\.m2\repository\org\junit\jupiter\junit-jupiter-engine\5.11.4\junit-jupiter-engine-5.11.4.jar;C:\Users\ttttm\.m2\repository\org\junit\platform\junit-platform-engine\1.11.4\junit-platform-engine-1.11.4.jar;C:\Users\ttttm\.m2\repository\org\mockito\mockito-core\5.14.2\mockito-core-5.14.2.jar;C:\Users\ttttm\.m2\repository\net\bytebuddy\byte-buddy-agent\1.15.11\byte-buddy-agent-1.15.11.jar;C:\Users\ttttm\.m2\repository\org\objenesis\objenesis\3.3\objenesis-3.3.jar;C:\Users\ttttm\.m2\repository\org\mockito\mockito-junit-jupiter\5.14.2\mockito-junit-jupiter-5.14.2.jar;C:\Users\ttttm\.m2\repository\org\skyscreamer\jsonassert\1.5.3\jsonassert-1.5.3.jar;C:\Users\ttttm\.m2\repository\com\vaadin\external\google\android-json\0.0.20131108.vaadin1\android-json-0.0.20131108.vaadin1.jar;C:\Users\ttttm\.m2\repository\org\springframework\spring-core\6.2.2\spring-core-6.2.2.jar;C:\Users\ttttm\.m2\repository\org\springframework\spring-jcl\6.2.2\spring-jcl-6.2.2.jar;C:\Users\ttttm\.m2\repository\org\springframework\spring-test\6.2.2\spring-test-6.2.2.jar;C:\Users\ttttm\.m2\repository\org\xmlunit\xmlunit-core\2.10.0\xmlunit-core-2.10.0.jar;C:\Users\ttttm\.m2\repository\org\mybatis\spring\boot\mybatis-spring-boot-starter-test\3.0.4\mybatis-spring-boot-starter-test-3.0.4.jar;C:\Users\ttttm\.m2\repository\org\mybatis\spring\boot\mybatis-spring-boot-test-autoconfigure\3.0.4\mybatis-spring-boot-test-autoconfigure-3.0.4.jar;C:\Users\ttttm\.m2\repository\org\springframework\spring-tx\6.2.2\spring-tx-6.2.2.jar;C:\Users\ttttm\.m2\repository\org\springframework\security\spring-security-test\6.4.2\spring-security-test-6.4.2.jar;C:\Users\ttttm\.m2\repository\org\springframework\security\spring-security-core\6.4.2\spring-security-core-6.4.2.jar;C:\Users\ttttm\.m2\repository\org\springframework\security\spring-security-crypto\6.4.2\spring-security-crypto-6.4.2.jar;C:\Users\ttttm\.m2\repository\org\springframework\security\spring-security-web\6.4.2\spring-security-web-6.4.2.jar;C:\Users\ttttm\.m2\repository\org\springframework\boot\spring-boot-starter-security\3.4.2\spring-boot-starter-security-3.4.2.jar;C:\Users\ttttm\.m2\repository\org\springframework\spring-aop\6.2.2\spring-aop-6.2.2.jar;C:\Users\ttttm\.m2\repository\org\springframework\security\spring-security-config\6.4.2\spring-security-config-6.4.2.jar;C:\Users\ttttm\.m2\repository\com\google\code\gson\gson\2.8.9\gson-2.8.9.jar;C:\Users\ttttm\.m2\repository\org\springframework\boot\spring-boot-starter-websocket\3.4.2\spring-boot-starter-websocket-3.4.2.jar;C:\Users\ttttm\.m2\repository\org\springframework\spring-messaging\6.2.2\spring-messaging-6.2.2.jar;C:\Users\ttttm\.m2\repository\org\springframework\spring-websocket\6.2.2\spring-websocket-6.2.2.jar;C:\Users\ttttm\.m2\repository\com\fasterxml\jackson\core\jackson-databind\2.18.2\jackson-databind-2.18.2.jar;C:\Users\ttttm\.m2\repository\com\fasterxml\jackson\core\jackson-annotations\2.18.2\jackson-annotations-2.18.2.jar;C:\Users\ttttm\.m2\repository\com\fasterxml\jackson\core\jackson-core\2.18.2\jackson-core-2.18.2.jar;"/>
    <property name="java.vm.vendor" value="Eclipse Adoptium"/>
    <property name="sun.arch.data.model" value="64"/>
    <property name="user.variant" value=""/>
    <property name="java.vendor.url" value="https://adoptium.net/"/>
    <property name="user.timezone" value="Asia/Seoul"/>
    <property name="os.name" value="Windows 10"/>
    <property name="java.vm.specification.version" value="17"/>
    <property name="APPLICATION_NAME" value="LearnAlive"/>
    <property name="sun.java.launcher" value="SUN_STANDARD"/>
    <property name="user.country" value="KR"/>
    <property name="sun.boot.library.path" value="I:\Tool\sts-4.16.1.RELEASE\plugins\org.eclipse.justj.openjdk.hotspot.jre.full.win32.x86_64_17.0.4.v20221004-1257\jre\bin"/>
    <property name="sun.java.command" value="C:\Users\ttttm\AppData\Local\Temp\surefire8761580388914832329\surefirebooter-20250327150154800_3.jar C:\Users\ttttm\AppData\Local\Temp\surefire8761580388914832329 2025-03-27T15-01-54_598-jvmRun1 surefire-20250327150154800_1tmp surefire_0-20250327150154800_2tmp"/>
    <property name="jdk.debug" value="release"/>
    <property name="surefire.test.class.path" value="I:\TeamWorkspace\LearnAliveLMS-main\LearnAlive\target\test-classes;I:\TeamWorkspace\LearnAliveLMS-main\LearnAlive\target\classes;C:\Users\ttttm\.m2\repository\org\springframework\boot\spring-boot-starter-web\3.4.2\spring-boot-starter-web-3.4.2.jar;C:\Users\ttttm\.m2\repository\org\springframework\boot\spring-boot-starter\3.4.2\spring-boot-starter-3.4.2.jar;C:\Users\ttttm\.m2\repository\org\springframework\boot\spring-boot-starter-logging\3.4.2\spring-boot-starter-logging-3.4.2.jar;C:\Users\ttttm\.m2\repository\ch\qos\logback\logback-classic\1.5.16\logback-classic-1.5.16.jar;C:\Users\ttttm\.m2\repository\ch\qos\logback\logback-core\1.5.16\logback-core-1.5.16.jar;C:\Users\ttttm\.m2\repository\org\apache\logging\log4j\log4j-to-slf4j\2.24.3\log4j-to-slf4j-2.24.3.jar;C:\Users\ttttm\.m2\repository\org\apache\logging\log4j\log4j-api\2.24.3\log4j-api-2.24.3.jar;C:\Users\ttttm\.m2\repository\org\slf4j\jul-to-slf4j\2.0.16\jul-to-slf4j-2.0.16.jar;C:\Users\ttttm\.m2\repository\org\yaml\snakeyaml\2.3\snakeyaml-2.3.jar;C:\Users\ttttm\.m2\repository\org\springframework\boot\spring-boot-starter-json\3.4.2\spring-boot-starter-json-3.4.2.jar;C:\Users\ttttm\.m2\repository\com\fasterxml\jackson\datatype\jackson-datatype-jdk8\2.18.2\jackson-datatype-jdk8-2.18.2.jar;C:\Users\ttttm\.m2\repository\com\fasterxml\jackson\datatype\jackson-datatype-jsr310\2.18.2\jackson-datatype-jsr310-2.18.2.jar;C:\Users\ttttm\.m2\repository\com\fasterxml\jackson\module\jackson-module-parameter-names\2.18.2\jackson-module-parameter-names-2.18.2.jar;C:\Users\ttttm\.m2\repository\org\springframework\spring-web\6.2.2\spring-web-6.2.2.jar;C:\Users\ttttm\.m2\repository\org\springframework\spring-beans\6.2.2\spring-beans-6.2.2.jar;C:\Users\ttttm\.m2\repository\io\micrometer\micrometer-observation\1.14.3\micrometer-observation-1.14.3.jar;C:\Users\ttttm\.m2\repository\io\micrometer\micrometer-commons\1.14.3\micrometer-commons-1.14.3.jar;C:\Users\ttttm\.m2\repository\org\springframework\spring-webmvc\6.2.2\spring-webmvc-6.2.2.jar;C:\Users\ttttm\.m2\repository\org\springframework\spring-context\6.2.2\spring-context-6.2.2.jar;C:\Users\ttttm\.m2\repository\org\springframework\spring-expression\6.2.2\spring-expression-6.2.2.jar;C:\Users\ttttm\.m2\repository\org\mybatis\spring\boot\mybatis-spring-boot-starter\3.0.4\mybatis-spring-boot-starter-3.0.4.jar;C:\Users\ttttm\.m2\repository\org\springframework\boot\spring-boot-starter-jdbc\3.4.2\spring-boot-starter-jdbc-3.4.2.jar;C:\Users\ttttm\.m2\repository\com\zaxxer\HikariCP\5.1.0\HikariCP-5.1.0.jar;C:\Users\ttttm\.m2\repository\org\springframework\spring-jdbc\6.2.2\spring-jdbc-6.2.2.jar;C:\Users\ttttm\.m2\repository\org\mybatis\spring\boot\mybatis-spring-boot-autoconfigure\3.0.4\mybatis-spring-boot-autoconfigure-3.0.4.jar;C:\Users\ttttm\.m2\repository\org\mybatis\mybatis\3.5.17\mybatis-3.5.17.jar;C:\Users\ttttm\.m2\repository\org\mybatis\mybatis-spring\3.0.4\mybatis-spring-3.0.4.jar;C:\Users\ttttm\.m2\repository\org\springframework\boot\spring-boot-devtools\3.4.2\spring-boot-devtools-3.4.2.jar;C:\Users\ttttm\.m2\repository\org\springframework\boot\spring-boot\3.4.2\spring-boot-3.4.2.jar;C:\Users\ttttm\.m2\repository\org\springframework\boot\spring-boot-autoconfigure\3.4.2\spring-boot-autoconfigure-3.4.2.jar;C:\Users\ttttm\.m2\repository\com\mysql\mysql-connector-j\9.1.0\mysql-connector-j-9.1.0.jar;C:\Users\ttttm\.m2\repository\org\projectlombok\lombok\1.18.36\lombok-1.18.36.jar;C:\Users\ttttm\.m2\repository\org\springframework\boot\spring-boot-starter-tomcat\3.4.2\spring-boot-starter-tomcat-3.4.2.jar;C:\Users\ttttm\.m2\repository\jakarta\annotation\jakarta.annotation-api\2.1.1\jakarta.annotation-api-2.1.1.jar;C:\Users\ttttm\.m2\repository\org\apache\tomcat\embed\tomcat-embed-core\10.1.34\tomcat-embed-core-10.1.34.jar;C:\Users\ttttm\.m2\repository\org\apache\tomcat\embed\tomcat-embed-el\10.1.34\tomcat-embed-el-10.1.34.jar;C:\Users\ttttm\.m2\repository\org\apache\tomcat\embed\tomcat-embed-websocket\10.1.34\tomcat-embed-websocket-10.1.34.jar;C:\Users\ttttm\.m2\repository\org\springframework\boot\spring-boot-starter-test\3.4.2\spring-boot-starter-test-3.4.2.jar;C:\Users\ttttm\.m2\repository\org\springframework\boot\spring-boot-test\3.4.2\spring-boot-test-3.4.2.jar;C:\Users\ttttm\.m2\repository\org\springframework\boot\spring-boot-test-autoconfigure\3.4.2\spring-boot-test-autoconfigure-3.4.2.jar;C:\Users\ttttm\.m2\repository\com\jayway\jsonpath\json-path\2.9.0\json-path-2.9.0.jar;C:\Users\ttttm\.m2\repository\org\slf4j\slf4j-api\2.0.16\slf4j-api-2.0.16.jar;C:\Users\ttttm\.m2\repository\jakarta\xml\bind\jakarta.xml.bind-api\4.0.2\jakarta.xml.bind-api-4.0.2.jar;C:\Users\ttttm\.m2\repository\jakarta\activation\jakarta.activation-api\2.1.3\jakarta.activation-api-2.1.3.jar;C:\Users\ttttm\.m2\repository\net\minidev\json-smart\2.5.1\json-smart-2.5.1.jar;C:\Users\ttttm\.m2\repository\net\minidev\accessors-smart\2.5.1\accessors-smart-2.5.1.jar;C:\Users\ttttm\.m2\repository\org\ow2\asm\asm\9.6\asm-9.6.jar;C:\Users\ttttm\.m2\repository\org\assertj\assertj-core\3.26.3\assertj-core-3.26.3.jar;C:\Users\ttttm\.m2\repository\net\bytebuddy\byte-buddy\1.15.11\byte-buddy-1.15.11.jar;C:\Users\ttttm\.m2\repository\org\awaitility\awaitility\4.2.2\awaitility-4.2.2.jar;C:\Users\ttttm\.m2\repository\org\hamcrest\hamcrest\2.2\hamcrest-2.2.jar;C:\Users\ttttm\.m2\repository\org\junit\jupiter\junit-jupiter\5.11.4\junit-jupiter-5.11.4.jar;C:\Users\ttttm\.m2\repository\org\junit\jupiter\junit-jupiter-api\5.11.4\junit-jupiter-api-5.11.4.jar;C:\Users\ttttm\.m2\repository\org\opentest4j\opentest4j\1.3.0\opentest4j-1.3.0.jar;C:\Users\ttttm\.m2\repository\org\junit\platform\junit-platform-commons\1.11.4\junit-platform-commons-1.11.4.jar;C:\Users\ttttm\.m2\repository\org\apiguardian\apiguardian-api\1.1.2\apiguardian-api-1.1.2.jar;C:\Users\ttttm\.m2\repository\org\junit\jupiter\junit-jupiter-params\5.11.4\junit-jupiter-params-5.11.4.jar;C:\Users\ttttm\.m2\repository\org\junit\jupiter\junit-jupiter-engine\5.11.4\junit-jupiter-engine-5.11.4.jar;C:\Users\ttttm\.m2\repository\org\junit\platform\junit-platform-engine\1.11.4\junit-platform-engine-1.11.4.jar;C:\Users\ttttm\.m2\repository\org\mockito\mockito-core\5.14.2\mockito-core-5.14.2.jar;C:\Users\ttttm\.m2\repository\net\bytebuddy\byte-buddy-agent\1.15.11\byte-buddy-agent-1.15.11.jar;C:\Users\ttttm\.m2\repository\org\objenesis\objenesis\3.3\objenesis-3.3.jar;C:\Users\ttttm\.m2\repository\org\mockito\mockito-junit-jupiter\5.14.2\mockito-junit-jupiter-5.14.2.jar;C:\Users\ttttm\.m2\repository\org\skyscreamer\jsonassert\1.5.3\jsonassert-1.5.3.jar;C:\Users\ttttm\.m2\repository\com\vaadin\external\google\android-json\0.0.20131108.vaadin1\android-json-0.0.20131108.vaadin1.jar;C:\Users\ttttm\.m2\repository\org\springframework\spring-core\6.2.2\spring-core-6.2.2.jar;C:\Users\ttttm\.m2\repository\org\springframework\spring-jcl\6.2.2\spring-jcl-6.2.2.jar;C:\Users\ttttm\.m2\repository\org\springframework\spring-test\6.2.2\spring-test-6.2.2.jar;C:\Users\ttttm\.m2\repository\org\xmlunit\xmlunit-core\2.10.0\xmlunit-core-2.10.0.jar;C:\Users\ttttm\.m2\repository\org\mybatis\spring\boot\mybatis-spring-boot-starter-test\3.0.4\mybatis-spring-boot-starter-test-3.0.4.jar;C:\Users\ttttm\.m2\repository\org\mybatis\spring\boot\mybatis-spring-boot-test-autoconfigure\3.0.4\mybatis-spring-boot-test-autoconfigure-3.0.4.jar;C:\Users\ttttm\.m2\repository\org\springframework\spring-tx\6.2.2\spring-tx-6.2.2.jar;C:\Users\ttttm\.m2\repository\org\springframework\security\spring-security-test\6.4.2\spring-security-test-6.4.2.jar;C:\Users\ttttm\.m2\repository\org\springframework\security\spring-security-core\6.4.2\spring-security-core-6.4.2.jar;C:\Users\ttttm\.m2\repository\org\springframework\security\spring-security-crypto\6.4.2\spring-security-crypto-6.4.2.jar;C:\Users\ttttm\.m2\repository\org\springframework\security\spring-security-web\6.4.2\spring-security-web-6.4.2.jar;C:\Users\ttttm\.m2\repository\org\springframework\boot\spring-boot-starter-security\3.4.2\spring-boot-starter-security-3.4.2.jar;C:\Users\ttttm\.m2\repository\org\springframework\spring-aop\6.2.2\spring-aop-6.2.2.jar;C:\Users\ttttm\.m2\repository\org\springframework\security\spring-security-config\6.4.2\spring-security-config-6.4.2.jar;C:\Users\ttttm\.m2\repository\com\google\code\gson\gson\2.8.9\gson-2.8.9.jar;C:\Users\ttttm\.m2\repository\org\springframework\boot\spring-boot-starter-websocket\3.4.2\spring-boot-starter-websocket-3.4.2.jar;C:\Users\ttttm\.m2\repository\org\springframework\spring-messaging\6.2.2\spring-messaging-6.2.2.jar;C:\Users\ttttm\.m2\repository\org\springframework\spring-websocket\6.2.2\spring-websocket-6.2.2.jar;C:\Users\ttttm\.m2\repository\com\fasterxml\jackson\core\jackson-databind\2.18.2\jackson-databind-2.18.2.jar;C:\Users\ttttm\.m2\repository\com\fasterxml\jackson\core\jackson-annotations\2.18.2\jackson-annotations-2.18.2.jar;C:\Users\ttttm\.m2\repository\com\fasterxml\jackson\core\jackson-core\2.18.2\jackson-core-2.18.2.jar;"/>
    <property name="sun.cpu.endian" value="little"/>
    <property name="user.home" value="C:\Users\ttttm"/>
    <property name="user.language" value="ko"/>
    <property name="java.specification.vendor" value="Oracle Corporation"/>
    <property name="java.version.date" value="2022-08-12"/>
    <property name="java.home" value="I:\Tool\sts-4.16.1.RELEASE\plugins\org.eclipse.justj.openjdk.hotspot.jre.full.win32.x86_64_17.0.4.v20221004-1257\jre"/>
    <property name="file.separator" value="\"/>
    <property name="style.color" value="always"/>
    <property name="basedir" value="I:\TeamWorkspace\LearnAliveLMS-main\LearnAlive"/>
    <property name="java.vm.compressedOopsMode" value="Zero based"/>
    <property name="line.separator" value="&#10;"/>
    <property name="java.vm.specification.vendor" value="Oracle Corporation"/>
    <property name="java.specification.name" value="Java Platform API Specification"/>
    <property name="FILE_LOG_CHARSET" value="x-windows-949"/>
    <property name="java.awt.headless" value="true"/>
    <property name="surefire.real.class.path" value="C:\Users\ttttm\AppData\Local\Temp\surefire8761580388914832329\surefirebooter-20250327150154800_3.jar"/>
    <property name="user.script" value=""/>
    <property name="sun.management.compiler" value="HotSpot 64-Bit Tiered Compilers"/>
    <property name="java.runtime.version" value="17.0.4.1+1"/>
    <property name="user.name" value="ttttm"/>
    <property name="path.separator" value=";"/>
    <property name="os.version" value="10.0"/>
    <property name="java.runtime.name" value="OpenJDK Runtime Environment"/>
    <property name="file.encoding" value="MS949"/>
    <property name="java.vm.name" value="OpenJDK 64-Bit Server VM"/>
    <property name="java.vendor.version" value="Temurin-17.0.4.1+1"/>
    <property name="localRepository" value="C:\Users\ttttm\.m2\repository"/>
    <property name="java.vendor.url.bug" value="https://github.com/adoptium/adoptium-support/issues"/>
    <property name="java.io.tmpdir" value="C:\Users\ttttm\AppData\Local\Temp\"/>
    <property name="java.version" value="17.0.4.1"/>
    <property name="user.dir" value="I:\TeamWorkspace\LearnAliveLMS-main\LearnAlive"/>
    <property name="os.arch" value="amd64"/>
    <property name="java.vm.specification.name" value="Java Virtual Machine Specification"/>
    <property name="PID" value="5316"/>
    <property name="sun.os.patch.level" value=""/>
    <property name="CONSOLE_LOG_CHARSET" value="x-windows-949"/>
    <property name="native.encoding" value="MS949"/>
    <property name="java.library.path" value="I:\Tool\sts-4.16.1.RELEASE\plugins\org.eclipse.justj.openjdk.hotspot.jre.full.win32.x86_64_17.0.4.v20221004-1257\jre\bin;C:\WINDOWS\Sun\Java\bin;C:\WINDOWS\system32;C:\WINDOWS;I:/Tool/sts-4.16.1.RELEASE//plugins/org.eclipse.justj.openjdk.hotspot.jre.full.win32.x86_64_17.0.4.v20221004-1257/jre/bin/server;I:/Tool/sts-4.16.1.RELEASE//plugins/org.eclipse.justj.openjdk.hotspot.jre.full.win32.x86_64_17.0.4.v20221004-1257/jre/bin;C:\Python313\Scripts\;C:\Python313\;C:\Windows\system32;C:\Windows;C:\Windows\System32\Wbem;C:\Windows\System32\WindowsPowerShell\v1.0\;C:\Windows\System32\OpenSSH\;C:\Program Files\NVIDIA Corporation\NVIDIA NvDLISR;C:\Program Files (x86)\NVIDIA Corporation\PhysX\Common;C:\Program Files\Bandizip\;C:\WINDOWS\system32;C:\WINDOWS;C:\WINDOWS\System32\Wbem;C:\WINDOWS\System32\WindowsPowerShell\v1.0\;C:\WINDOWS\System32\OpenSSH\;C:\Program Files\dotnet\;C:\jdk-17.0.0.1\bin;C:\Program Files\Git\cmd;C:\Program Files\Docker\Docker\resources\bin;C:\ProgramData\chocolatey\bin;C:\Program Files\nodejs\;C:\Users\ttttm\AppData\Local\Microsoft\WindowsApps;C:\jdk-17.0.0.1\bin;C:\Program Files\MySQL\MySQL Server 8.0\bin;C:\Users\ttttm\AppData\Local\Programs\Microsoft VS Code\bin;C:\Program Files\heroku\bin;C:\Users\ttttm\AppData\Roaming\npm;I:\Tool\sts-4.16.1.RELEASE;;."/>
    <property name="java.vm.info" value="mixed mode"/>
    <property name="java.vendor" value="Eclipse Adoptium"/>
    <property name="java.vm.version" value="17.0.4.1+1"/>
    <property name="sun.io.unicode.encoding" value="UnicodeLittle"/>
    <property name="java.class.version" value="61.0"/>
    <property name="LOGGED_APPLICATION_NAME" value="[LearnAlive] "/>
  </properties>
  <testcase name="contextLoads" classname="com.lms.attendance.KoreaAttendanceApplicationTests" time="1.031">
    <system-out><![CDATA[15:01:55.777 [main] INFO org.springframework.boot.devtools.restart.RestartApplicationListener -- Restart disabled due to context in which it is running

  .   ____          _            __ _ _
 /\\ / ___'_ __ _ _(_)_ __  __ _ \ \ \ \
( ( )\___ | '_ | '_| | '_ \/ _` | \ \ \ \
 \\/  ___)| |_)| | | | | || (_| |  ) ) ) )
  '  |____| .__|_| |_|_| |_\__, | / / / /
 =========|_|==============|___/=/_/_/_/

 :: Spring Boot ::                (v3.4.2)

2025-03-27T15:01:56.012+09:00  INFO 5316 --- [LearnAlive] [           main] c.l.a.KoreaAttendanceApplicationTests    : Starting KoreaAttendanceApplicationTests using Java 17.0.4.1 with PID 5316 (started by ttttm in I:\TeamWorkspace\LearnAliveLMS-main\LearnAlive)
2025-03-27T15:01:56.013+09:00  INFO 5316 --- [LearnAlive] [           main] c.l.a.KoreaAttendanceApplicationTests    : No active profile set, falling back to 1 default profile: "default"
2025-03-27T15:01:57.459+09:00 DEBUG 5316 --- [LearnAlive] [           main] org.apache.ibatis.logging.LogFactory     : Logging initialized using 'class org.apache.ibatis.logging.slf4j.Slf4jImpl' adapter.
2025-03-27T15:01:57.463+09:00 DEBUG 5316 --- [LearnAlive] [           main] o.m.s.mapper.ClassPathMapperScanner      : Identified candidate component class: file [I:\TeamWorkspace\LearnAliveLMS-main\LearnAlive\target\classes\com\lms\attendance\repository\AchievementMapper.class]
2025-03-27T15:01:57.463+09:00 DEBUG 5316 --- [LearnAlive] [           main] o.m.s.mapper.ClassPathMapperScanner      : Identified candidate component class: file [I:\TeamWorkspace\LearnAliveLMS-main\LearnAlive\target\classes\com\lms\attendance\repository\AlarmListMapper.class]
2025-03-27T15:01:57.463+09:00 DEBUG 5316 --- [LearnAlive] [           main] o.m.s.mapper.ClassPathMapperScanner      : Identified candidate component class: file [I:\TeamWorkspace\LearnAliveLMS-main\LearnAlive\target\classes\com\lms\attendance\repository\AttendanceMapper.class]
2025-03-27T15:01:57.464+09:00 DEBUG 5316 --- [LearnAlive] [           main] o.m.s.mapper.ClassPathMapperScanner      : Identified candidate component class: file [I:\TeamWorkspace\LearnAliveLMS-main\LearnAlive\target\classes\com\lms\attendance\repository\AuthMapper.class]
2025-03-27T15:01:57.464+09:00 DEBUG 5316 --- [LearnAlive] [           main] o.m.s.mapper.ClassPathMapperScanner      : Identified candidate component class: file [I:\TeamWorkspace\LearnAliveLMS-main\LearnAlive\target\classes\com\lms\attendance\repository\BoardMapper.class]
2025-03-27T15:01:57.464+09:00 DEBUG 5316 --- [LearnAlive] [           main] o.m.s.mapper.ClassPathMapperScanner      : Identified candidate component class: file [I:\TeamWorkspace\LearnAliveLMS-main\LearnAlive\target\classes\com\lms\attendance\repository\ClassMapper.class]
2025-03-27T15:01:57.464+09:00 DEBUG 5316 --- [LearnAlive] [           main] o.m.s.mapper.ClassPathMapperScanner      : Identified candidate component class: file [I:\TeamWorkspace\LearnAliveLMS-main\LearnAlive\target\classes\com\lms\attendance\repository\CourseMapper.class]
2025-03-27T15:01:57.464+09:00 DEBUG 5316 --- [LearnAlive] [           main] o.m.s.mapper.ClassPathMapperScanner      : Identified candidate component class: file [I:\TeamWorkspace\LearnAliveLMS-main\LearnAlive\target\classes\com\lms\attendance\repository\DatabaseMapper.class]
2025-03-27T15:01:57.464+09:00 DEBUG 5316 --- [LearnAlive] [           main] o.m.s.mapper.ClassPathMapperScanner      : Identified candidate component class: file [I:\TeamWorkspace\LearnAliveLMS-main\LearnAlive\target\classes\com\lms\attendance\repository\DepartmentMapper.class]
2025-03-27T15:01:57.464+09:00 DEBUG 5316 --- [LearnAlive] [           main] o.m.s.mapper.ClassPathMapperScanner      : Identified candidate component class: file [I:\TeamWorkspace\LearnAliveLMS-main\LearnAlive\target\classes\com\lms\attendance\repository\ExamAnswerMapper.class]
2025-03-27T15:01:57.464+09:00 DEBUG 5316 --- [LearnAlive] [           main] o.m.s.mapper.ClassPathMapperScanner      : Identified candidate component class: file [I:\TeamWorkspace\LearnAliveLMS-main\LearnAlive\target\classes\com\lms\attendance\repository\ExamMapper.class]
2025-03-27T15:01:57.464+09:00 DEBUG 5316 --- [LearnAlive] [           main] o.m.s.mapper.ClassPathMapperScanner      : Identified candidate component class: file [I:\TeamWorkspace\LearnAliveLMS-main\LearnAlive\target\classes\com\lms\attendance\repository\ExamQuestionMapper.class]
2025-03-27T15:01:57.464+09:00 DEBUG 5316 --- [LearnAlive] [           main] o.m.s.mapper.ClassPathMapperScanner      : Identified candidate component class: file [I:\TeamWorkspace\LearnAliveLMS-main\LearnAlive\target\classes\com\lms\attendance\repository\ExamScoreMapper.class]
2025-03-27T15:01:57.465+09:00 DEBUG 5316 --- [LearnAlive] [           main] o.m.s.mapper.ClassPathMapperScanner      : Identified candidate component class: file [I:\TeamWorkspace\LearnAliveLMS-main\LearnAlive\target\classes\com\lms\attendance\repository\ExamSubmissionMapper.class]
2025-03-27T15:01:57.465+09:00 DEBUG 5316 --- [LearnAlive] [           main] o.m.s.mapper.ClassPathMapperScanner      : Identified candidate component class: file [I:\TeamWorkspace\LearnAliveLMS-main\LearnAlive\target\classes\com\lms\attendance\repository\LikeMapper.class]
2025-03-27T15:01:57.465+09:00 DEBUG 5316 --- [LearnAlive] [           main] o.m.s.mapper.ClassPathMapperScanner      : Identified candidate component class: file [I:\TeamWorkspace\LearnAliveLMS-main\LearnAlive\target\classes\com\lms\attendance\repository\MyProfileMapper.class]
2025-03-27T15:01:57.465+09:00 DEBUG 5316 --- [LearnAlive] [           main] o.m.s.mapper.ClassPathMapperScanner      : Identified candidate component class: file [I:\TeamWorkspace\LearnAliveLMS-main\LearnAlive\target\classes\com\lms\attendance\repository\NoticeMapper.class]
2025-03-27T15:01:57.465+09:00 DEBUG 5316 --- [LearnAlive] [           main] o.m.s.mapper.ClassPathMapperScanner      : Identified candidate component class: file [I:\TeamWorkspace\LearnAliveLMS-main\LearnAlive\target\classes\com\lms\attendance\repository\PostMapper.class]
2025-03-27T15:01:57.465+09:00 DEBUG 5316 --- [LearnAlive] [           main] o.m.s.mapper.ClassPathMapperScanner      : Identified candidate component class: file [I:\TeamWorkspace\LearnAliveLMS-main\LearnAlive\target\classes\com\lms\attendance\repository\ProfessorMapper.class]
2025-03-27T15:01:57.465+09:00 DEBUG 5316 --- [LearnAlive] [           main] o.m.s.mapper.ClassPathMapperScanner      : Identified candidate component class: file [I:\TeamWorkspace\LearnAliveLMS-main\LearnAlive\target\classes\com\lms\attendance\repository\ProjectMemberMapper.class]
2025-03-27T15:01:57.465+09:00 DEBUG 5316 --- [LearnAlive] [           main] o.m.s.mapper.ClassPathMapperScanner      : Identified candidate component class: file [I:\TeamWorkspace\LearnAliveLMS-main\LearnAlive\target\classes\com\lms\attendance\repository\StudentMapper.class]
2025-03-27T15:01:57.465+09:00 DEBUG 5316 --- [LearnAlive] [           main] o.m.s.mapper.ClassPathMapperScanner      : Identified candidate component class: file [I:\TeamWorkspace\LearnAliveLMS-main\LearnAlive\target\classes\com\lms\attendance\repository\SurveyMapper.class]
2025-03-27T15:01:57.465+09:00 DEBUG 5316 --- [LearnAlive] [           main] o.m.s.mapper.ClassPathMapperScanner      : Identified candidate component class: file [I:\TeamWorkspace\LearnAliveLMS-main\LearnAlive\target\classes\com\lms\attendance\repository\SurveyResponseMapper.class]
2025-03-27T15:01:57.465+09:00 DEBUG 5316 --- [LearnAlive] [           main] o.m.s.mapper.ClassPathMapperScanner      : Identified candidate component class: file [I:\TeamWorkspace\LearnAliveLMS-main\LearnAlive\target\classes\com\lms\attendance\repository\TeamActivityApplicationMapper.class]
2025-03-27T15:01:57.465+09:00 DEBUG 5316 --- [LearnAlive] [           main] o.m.s.mapper.ClassPathMapperScanner      : Identified candidate component class: file [I:\TeamWorkspace\LearnAliveLMS-main\LearnAlive\target\classes\com\lms\attendance\repository\TeamActivityCommentMapper.class]
2025-03-27T15:01:57.466+09:00 DEBUG 5316 --- [LearnAlive] [           main] o.m.s.mapper.ClassPathMapperScanner      : Identified candidate component class: file [I:\TeamWorkspace\LearnAliveLMS-main\LearnAlive\target\classes\com\lms\attendance\repository\TeamActivityPostMapper.class]
2025-03-27T15:01:57.466+09:00 DEBUG 5316 --- [LearnAlive] [           main] o.m.s.mapper.ClassPathMapperScanner      : Identified candidate component class: file [I:\TeamWorkspace\LearnAliveLMS-main\LearnAlive\target\classes\com\lms\attendance\repository\TestMapper.class]
2025-03-27T15:01:57.466+09:00 DEBUG 5316 --- [LearnAlive] [           main] o.m.s.mapper.ClassPathMapperScanner      : Identified candidate component class: file [I:\TeamWorkspace\LearnAliveLMS-main\LearnAlive\target\classes\com\lms\attendance\repository\TodoMapper.class]
2025-03-27T15:01:57.466+09:00 DEBUG 5316 --- [LearnAlive] [           main] o.m.s.mapper.ClassPathMapperScanner      : Identified candidate component class: file [I:\TeamWorkspace\LearnAliveLMS-main\LearnAlive\target\classes\com\lms\attendance\repository\UniversityMapper.class]
2025-03-27T15:01:57.467+09:00 DEBUG 5316 --- [LearnAlive] [           main] o.m.s.mapper.ClassPathMapperScanner      : Creating MapperFactoryBean with name 'achievementMapper' and 'com.lms.attendance.repository.AchievementMapper' mapperInterface
2025-03-27T15:01:57.470+09:00 DEBUG 5316 --- [LearnAlive] [           main] o.m.s.mapper.ClassPathMapperScanner      : Enabling autowire by type for MapperFactoryBean with name 'achievementMapper'.
2025-03-27T15:01:57.470+09:00 DEBUG 5316 --- [LearnAlive] [           main] o.m.s.mapper.ClassPathMapperScanner      : Creating MapperFactoryBean with name 'alarmListMapper' and 'com.lms.attendance.repository.AlarmListMapper' mapperInterface
2025-03-27T15:01:57.470+09:00 DEBUG 5316 --- [LearnAlive] [           main] o.m.s.mapper.ClassPathMapperScanner      : Enabling autowire by type for MapperFactoryBean with name 'alarmListMapper'.
2025-03-27T15:01:57.470+09:00 DEBUG 5316 --- [LearnAlive] [           main] o.m.s.mapper.ClassPathMapperScanner      : Creating MapperFactoryBean with name 'attendanceMapper' and 'com.lms.attendance.repository.AttendanceMapper' mapperInterface
2025-03-27T15:01:57.471+09:00 DEBUG 5316 --- [LearnAlive] [           main] o.m.s.mapper.ClassPathMapperScanner      : Enabling autowire by type for MapperFactoryBean with name 'attendanceMapper'.
2025-03-27T15:01:57.471+09:00 DEBUG 5316 --- [LearnAlive] [           main] o.m.s.mapper.ClassPathMapperScanner      : Creating MapperFactoryBean with name 'authMapper' and 'com.lms.attendance.repository.AuthMapper' mapperInterface
2025-03-27T15:01:57.471+09:00 DEBUG 5316 --- [LearnAlive] [           main] o.m.s.mapper.ClassPathMapperScanner      : Enabling autowire by type for MapperFactoryBean with name 'authMapper'.
2025-03-27T15:01:57.471+09:00 DEBUG 5316 --- [LearnAlive] [           main] o.m.s.mapper.ClassPathMapperScanner      : Creating MapperFactoryBean with name 'boardMapper' and 'com.lms.attendance.repository.BoardMapper' mapperInterface
2025-03-27T15:01:57.472+09:00 DEBUG 5316 --- [LearnAlive] [           main] o.m.s.mapper.ClassPathMapperScanner      : Enabling autowire by type for MapperFactoryBean with name 'boardMapper'.
2025-03-27T15:01:57.472+09:00 DEBUG 5316 --- [LearnAlive] [           main] o.m.s.mapper.ClassPathMapperScanner      : Creating MapperFactoryBean with name 'classMapper' and 'com.lms.attendance.repository.ClassMapper' mapperInterface
2025-03-27T15:01:57.472+09:00 DEBUG 5316 --- [LearnAlive] [           main] o.m.s.mapper.ClassPathMapperScanner      : Enabling autowire by type for MapperFactoryBean with name 'classMapper'.
2025-03-27T15:01:57.472+09:00 DEBUG 5316 --- [LearnAlive] [           main] o.m.s.mapper.ClassPathMapperScanner      : Creating MapperFactoryBean with name 'courseMapper' and 'com.lms.attendance.repository.CourseMapper' mapperInterface
2025-03-27T15:01:57.473+09:00 DEBUG 5316 --- [LearnAlive] [           main] o.m.s.mapper.ClassPathMapperScanner      : Enabling autowire by type for MapperFactoryBean with name 'courseMapper'.
2025-03-27T15:01:57.473+09:00 DEBUG 5316 --- [LearnAlive] [           main] o.m.s.mapper.ClassPathMapperScanner      : Creating MapperFactoryBean with name 'databaseMapper' and 'com.lms.attendance.repository.DatabaseMapper' mapperInterface
2025-03-27T15:01:57.473+09:00 DEBUG 5316 --- [LearnAlive] [           main] o.m.s.mapper.ClassPathMapperScanner      : Enabling autowire by type for MapperFactoryBean with name 'databaseMapper'.
2025-03-27T15:01:57.473+09:00 DEBUG 5316 --- [LearnAlive] [           main] o.m.s.mapper.ClassPathMapperScanner      : Creating MapperFactoryBean with name 'departmentMapper' and 'com.lms.attendance.repository.DepartmentMapper' mapperInterface
2025-03-27T15:01:57.474+09:00 DEBUG 5316 --- [LearnAlive] [           main] o.m.s.mapper.ClassPathMapperScanner      : Enabling autowire by type for MapperFactoryBean with name 'departmentMapper'.
2025-03-27T15:01:57.474+09:00 DEBUG 5316 --- [LearnAlive] [           main] o.m.s.mapper.ClassPathMapperScanner      : Creating MapperFactoryBean with name 'examAnswerMapper' and 'com.lms.attendance.repository.ExamAnswerMapper' mapperInterface
2025-03-27T15:01:57.474+09:00 DEBUG 5316 --- [LearnAlive] [           main] o.m.s.mapper.ClassPathMapperScanner      : Enabling autowire by type for MapperFactoryBean with name 'examAnswerMapper'.
2025-03-27T15:01:57.474+09:00 DEBUG 5316 --- [LearnAlive] [           main] o.m.s.mapper.ClassPathMapperScanner      : Creating MapperFactoryBean with name 'examMapper' and 'com.lms.attendance.repository.ExamMapper' mapperInterface
2025-03-27T15:01:57.474+09:00 DEBUG 5316 --- [LearnAlive] [           main] o.m.s.mapper.ClassPathMapperScanner      : Enabling autowire by type for MapperFactoryBean with name 'examMapper'.
2025-03-27T15:01:57.475+09:00 DEBUG 5316 --- [LearnAlive] [           main] o.m.s.mapper.ClassPathMapperScanner      : Creating MapperFactoryBean with name 'examQuestionMapper' and 'com.lms.attendance.repository.ExamQuestionMapper' mapperInterface
2025-03-27T15:01:57.475+09:00 DEBUG 5316 --- [LearnAlive] [           main] o.m.s.mapper.ClassPathMapperScanner      : Enabling autowire by type for MapperFactoryBean with name 'examQuestionMapper'.
2025-03-27T15:01:57.475+09:00 DEBUG 5316 --- [LearnAlive] [           main] o.m.s.mapper.ClassPathMapperScanner      : Creating MapperFactoryBean with name 'examScoreMapper' and 'com.lms.attendance.repository.ExamScoreMapper' mapperInterface
2025-03-27T15:01:57.475+09:00 DEBUG 5316 --- [LearnAlive] [           main] o.m.s.mapper.ClassPathMapperScanner      : Enabling autowire by type for MapperFactoryBean with name 'examScoreMapper'.
2025-03-27T15:01:57.475+09:00 DEBUG 5316 --- [LearnAlive] [           main] o.m.s.mapper.ClassPathMapperScanner      : Creating MapperFactoryBean with name 'examSubmissionMapper' and 'com.lms.attendance.repository.ExamSubmissionMapper' mapperInterface
2025-03-27T15:01:57.476+09:00 DEBUG 5316 --- [LearnAlive] [           main] o.m.s.mapper.ClassPathMapperScanner      : Enabling autowire by type for MapperFactoryBean with name 'examSubmissionMapper'.
2025-03-27T15:01:57.476+09:00 DEBUG 5316 --- [LearnAlive] [           main] o.m.s.mapper.ClassPathMapperScanner      : Creating MapperFactoryBean with name 'likeMapper' and 'com.lms.attendance.repository.LikeMapper' mapperInterface
2025-03-27T15:01:57.476+09:00 DEBUG 5316 --- [LearnAlive] [           main] o.m.s.mapper.ClassPathMapperScanner      : Enabling autowire by type for MapperFactoryBean with name 'likeMapper'.
2025-03-27T15:01:57.476+09:00 DEBUG 5316 --- [LearnAlive] [           main] o.m.s.mapper.ClassPathMapperScanner      : Creating MapperFactoryBean with name 'myProfileMapper' and 'com.lms.attendance.repository.MyProfileMapper' mapperInterface
2025-03-27T15:01:57.476+09:00 DEBUG 5316 --- [LearnAlive] [           main] o.m.s.mapper.ClassPathMapperScanner      : Enabling autowire by type for MapperFactoryBean with name 'myProfileMapper'.
2025-03-27T15:01:57.477+09:00 DEBUG 5316 --- [LearnAlive] [           main] o.m.s.mapper.ClassPathMapperScanner      : Creating MapperFactoryBean with name 'noticeMapper' and 'com.lms.attendance.repository.NoticeMapper' mapperInterface
2025-03-27T15:01:57.477+09:00 DEBUG 5316 --- [LearnAlive] [           main] o.m.s.mapper.ClassPathMapperScanner      : Enabling autowire by type for MapperFactoryBean with name 'noticeMapper'.
2025-03-27T15:01:57.477+09:00 DEBUG 5316 --- [LearnAlive] [           main] o.m.s.mapper.ClassPathMapperScanner      : Creating MapperFactoryBean with name 'postMapper' and 'com.lms.attendance.repository.PostMapper' mapperInterface
2025-03-27T15:01:57.477+09:00 DEBUG 5316 --- [LearnAlive] [           main] o.m.s.mapper.ClassPathMapperScanner      : Enabling autowire by type for MapperFactoryBean with name 'postMapper'.
2025-03-27T15:01:57.477+09:00 DEBUG 5316 --- [LearnAlive] [           main] o.m.s.mapper.ClassPathMapperScanner      : Creating MapperFactoryBean with name 'professorMapper' and 'com.lms.attendance.repository.ProfessorMapper' mapperInterface
2025-03-27T15:01:57.478+09:00 DEBUG 5316 --- [LearnAlive] [           main] o.m.s.mapper.ClassPathMapperScanner      : Enabling autowire by type for MapperFactoryBean with name 'professorMapper'.
2025-03-27T15:01:57.478+09:00 DEBUG 5316 --- [LearnAlive] [           main] o.m.s.mapper.ClassPathMapperScanner      : Creating MapperFactoryBean with name 'projectMemberMapper' and 'com.lms.attendance.repository.ProjectMemberMapper' mapperInterface
2025-03-27T15:01:57.478+09:00 DEBUG 5316 --- [LearnAlive] [           main] o.m.s.mapper.ClassPathMapperScanner      : Enabling autowire by type for MapperFactoryBean with name 'projectMemberMapper'.
2025-03-27T15:01:57.478+09:00 DEBUG 5316 --- [LearnAlive] [           main] o.m.s.mapper.ClassPathMapperScanner      : Creating MapperFactoryBean with name 'studentMapper' and 'com.lms.attendance.repository.StudentMapper' mapperInterface
2025-03-27T15:01:57.478+09:00 DEBUG 5316 --- [LearnAlive] [           main] o.m.s.mapper.ClassPathMapperScanner      : Enabling autowire by type for MapperFactoryBean with name 'studentMapper'.
2025-03-27T15:01:57.479+09:00 DEBUG 5316 --- [LearnAlive] [           main] o.m.s.mapper.ClassPathMapperScanner      : Creating MapperFactoryBean with name 'surveyMapper' and 'com.lms.attendance.repository.SurveyMapper' mapperInterface
2025-03-27T15:01:57.479+09:00 DEBUG 5316 --- [LearnAlive] [           main] o.m.s.mapper.ClassPathMapperScanner      : Enabling autowire by type for MapperFactoryBean with name 'surveyMapper'.
2025-03-27T15:01:57.479+09:00 DEBUG 5316 --- [LearnAlive] [           main] o.m.s.mapper.ClassPathMapperScanner      : Creating MapperFactoryBean with name 'surveyResponseMapper' and 'com.lms.attendance.repository.SurveyResponseMapper' mapperInterface
2025-03-27T15:01:57.480+09:00 DEBUG 5316 --- [LearnAlive] [           main] o.m.s.mapper.ClassPathMapperScanner      : Enabling autowire by type for MapperFactoryBean with name 'surveyResponseMapper'.
2025-03-27T15:01:57.480+09:00 DEBUG 5316 --- [LearnAlive] [           main] o.m.s.mapper.ClassPathMapperScanner      : Creating MapperFactoryBean with name 'teamActivityApplicationMapper' and 'com.lms.attendance.repository.TeamActivityApplicationMapper' mapperInterface
2025-03-27T15:01:57.480+09:00 DEBUG 5316 --- [LearnAlive] [           main] o.m.s.mapper.ClassPathMapperScanner      : Enabling autowire by type for MapperFactoryBean with name 'teamActivityApplicationMapper'.
2025-03-27T15:01:57.480+09:00 DEBUG 5316 --- [LearnAlive] [           main] o.m.s.mapper.ClassPathMapperScanner      : Creating MapperFactoryBean with name 'teamActivityCommentMapper' and 'com.lms.attendance.repository.TeamActivityCommentMapper' mapperInterface
2025-03-27T15:01:57.480+09:00 DEBUG 5316 --- [LearnAlive] [           main] o.m.s.mapper.ClassPathMapperScanner      : Enabling autowire by type for MapperFactoryBean with name 'teamActivityCommentMapper'.
2025-03-27T15:01:57.480+09:00 DEBUG 5316 --- [LearnAlive] [           main] o.m.s.mapper.ClassPathMapperScanner      : Creating MapperFactoryBean with name 'teamActivityPostMapper' and 'com.lms.attendance.repository.TeamActivityPostMapper' mapperInterface
2025-03-27T15:01:57.481+09:00 DEBUG 5316 --- [LearnAlive] [           main] o.m.s.mapper.ClassPathMapperScanner      : Enabling autowire by type for MapperFactoryBean with name 'teamActivityPostMapper'.
2025-03-27T15:01:57.481+09:00 DEBUG 5316 --- [LearnAlive] [           main] o.m.s.mapper.ClassPathMapperScanner      : Creating MapperFactoryBean with name 'testMapper' and 'com.lms.attendance.repository.TestMapper' mapperInterface
2025-03-27T15:01:57.481+09:00 DEBUG 5316 --- [LearnAlive] [           main] o.m.s.mapper.ClassPathMapperScanner      : Enabling autowire by type for MapperFactoryBean with name 'testMapper'.
2025-03-27T15:01:57.481+09:00 DEBUG 5316 --- [LearnAlive] [           main] o.m.s.mapper.ClassPathMapperScanner      : Creating MapperFactoryBean with name 'todoMapper' and 'com.lms.attendance.repository.TodoMapper' mapperInterface
2025-03-27T15:01:57.481+09:00 DEBUG 5316 --- [LearnAlive] [           main] o.m.s.mapper.ClassPathMapperScanner      : Enabling autowire by type for MapperFactoryBean with name 'todoMapper'.
2025-03-27T15:01:57.482+09:00 DEBUG 5316 --- [LearnAlive] [           main] o.m.s.mapper.ClassPathMapperScanner      : Creating MapperFactoryBean with name 'universityMapper' and 'com.lms.attendance.repository.UniversityMapper' mapperInterface
2025-03-27T15:01:57.482+09:00 DEBUG 5316 --- [LearnAlive] [           main] o.m.s.mapper.ClassPathMapperScanner      : Enabling autowire by type for MapperFactoryBean with name 'universityMapper'.
2025-03-27T15:01:57.680+09:00 DEBUG 5316 --- [LearnAlive] [           main] o.mybatis.spring.SqlSessionFactoryBean   : Property 'configuration' or 'configLocation' not specified, using default MyBatis Configuration
2025-03-27T15:01:57.724+09:00 DEBUG 5316 --- [LearnAlive] [           main] o.mybatis.spring.SqlSessionFactoryBean   : Property 'mapperLocations' was not specified.
✅✅✅ ProfessorController Bean 생성 완료 ✅✅✅
2025-03-27T15:01:58.113+09:00  WARN 5316 --- [LearnAlive] [           main] .s.s.UserDetailsServiceAutoConfiguration : 

Using generated security password: 5e0d3cfc-0917-45c5-9c6c-b779709702a9

This generated password is for development use only. Your security configuration must be updated before running your application in production.

2025-03-27T15:01:58.121+09:00  INFO 5316 --- [LearnAlive] [           main] r$InitializeUserDetailsManagerConfigurer : Global AuthenticationManager configured with UserDetailsService bean with name inMemoryUserDetailsManager
2025-03-27T15:01:58.381+09:00  INFO 5316 --- [LearnAlive] [           main] o.s.b.a.w.s.WelcomePageHandlerMapping    : Adding welcome page: class path resource [static/index.html]
2025-03-27T15:01:58.643+09:00  INFO 5316 --- [LearnAlive] [           main] o.s.m.s.b.SimpleBrokerMessageHandler     : Starting...
2025-03-27T15:01:58.645+09:00  INFO 5316 --- [LearnAlive] [           main] o.s.m.s.b.SimpleBrokerMessageHandler     : BrokerAvailabilityEvent[available=true, SimpleBrokerMessageHandler [org.springframework.messaging.simp.broker.DefaultSubscriptionRegistry@6253e59a]]
2025-03-27T15:01:58.645+09:00  INFO 5316 --- [LearnAlive] [           main] o.s.m.s.b.SimpleBrokerMessageHandler     : Started.
2025-03-27T15:01:58.651+09:00  INFO 5316 --- [LearnAlive] [           main] c.l.a.KoreaAttendanceApplicationTests    : Started KoreaAttendanceApplicationTests in 2.885 seconds (process running for 3.656)
]]></system-out>
  </testcase>
</testsuite>